\BOOKMARK [1][-]{section.1}{\376\377\000F\000u\000n\000c\000i\000o\000n\000e\000s\000\040\000C\000+\000+}{}% 1
\BOOKMARK [1][-]{section.2}{\376\377\000C\000o\000m\000p\000i\000l\000e}{}% 2
\BOOKMARK [2][-]{subsection.2.1}{\376\377\000C\000o\000m\000p\000i\000l\000e}{section.2}% 3
\BOOKMARK [2][-]{subsection.2.2}{\376\377\000T\000e\000m\000p\000l\000a\000t\000e}{section.2}% 4
\BOOKMARK [1][-]{section.3}{\376\377\000D\000a\000t\000a\000\040\000S\000t\000r\000u\000c\000t\000u\000r\000e\000s}{}% 5
\BOOKMARK [2][-]{subsection.3.1}{\376\377\000B\000I\000T}{section.3}% 6
\BOOKMARK [2][-]{subsection.3.2}{\376\377\000B\000i\000t\000s\000e\000t}{section.3}% 7
\BOOKMARK [2][-]{subsection.3.3}{\376\377\000B\000i\000t\000\040\000T\000r\000i\000e}{section.3}% 8
\BOOKMARK [2][-]{subsection.3.4}{\376\377\000D\000i\000s\000j\000o\000i\000n\000t\000\040\000S\000e\000t\000\040\000U\000n\000i\000o\000n\000\040\000B\000i\000p\000a\000r\000t\000i\000t\000e}{section.3}% 9
\BOOKMARK [2][-]{subsection.3.5}{\376\377\000D\000i\000s\000j\000o\000i\000n\000t\000\040\000S\000e\000t\000\040\000U\000n\000i\000o\000n}{section.3}% 10
\BOOKMARK [2][-]{subsection.3.6}{\376\377\000D\000y\000n\000a\000m\000i\000c\000\040\000C\000o\000n\000e\000c\000t\000i\000v\000i\000t\000y}{section.3}% 11
\BOOKMARK [2][-]{subsection.3.7}{\376\377\000F\000e\000n\000w\000i\000c\000k\000\040\000T\000r\000e\000e}{section.3}% 12
\BOOKMARK [2][-]{subsection.3.8}{\376\377\000F\000e\000n\000w\000i\000c\000k\000\040\000T\000r\000e\000e\000\040\0002\000D}{section.3}% 13
\BOOKMARK [2][-]{subsection.3.9}{\376\377\000M\000e\000r\000g\000e\000\040\000S\000o\000r\000t\000\040\000T\000r\000e\000e}{section.3}% 14
\BOOKMARK [2][-]{subsection.3.10}{\376\377\000M\000i\000n\000i\000m\000u\000m\000\040\000C\000a\000r\000t\000e\000s\000i\000a\000n\000\040\000T\000r\000e\000e}{section.3}% 15
\BOOKMARK [2][-]{subsection.3.11}{\376\377\000M\000u\000l\000t\000i\000\040\000O\000r\000d\000e\000r\000e\000d\000\040\000S\000e\000t}{section.3}% 16
\BOOKMARK [2][-]{subsection.3.12}{\376\377\000O\000r\000d\000e\000r\000e\000d\000\040\000S\000e\000t}{section.3}% 17
\BOOKMARK [2][-]{subsection.3.13}{\376\377\000P\000a\000l\000i\000n\000d\000r\000o\000m\000i\000c\000\040\000T\000r\000e\000e}{section.3}% 18
\BOOKMARK [2][-]{subsection.3.14}{\376\377\000P\000e\000r\000s\000i\000s\000t\000e\000n\000t\000\040\000A\000r\000r\000a\000y}{section.3}% 19
\BOOKMARK [2][-]{subsection.3.15}{\376\377\000P\000e\000r\000s\000i\000s\000t\000e\000n\000t\000\040\000S\000e\000g\000m\000e\000n\000t\000\040\000T\000r\000e\000e}{section.3}% 20
\BOOKMARK [2][-]{subsection.3.16}{\376\377\000S\000e\000g\000m\000e\000n\000t\000\040\000T\000r\000e\000e}{section.3}% 21
\BOOKMARK [2][-]{subsection.3.17}{\376\377\000S\000e\000g\000m\000e\000n\000t\000\040\000T\000r\000e\000e\000\040\0002\000D}{section.3}% 22
\BOOKMARK [2][-]{subsection.3.18}{\376\377\000S\000e\000g\000m\000e\000n\000t\000\040\000T\000r\000e\000e\000\040\000D\000y\000n\000a\000m\000i\000c}{section.3}% 23
\BOOKMARK [2][-]{subsection.3.19}{\376\377\000S\000e\000g\000m\000e\000n\000t\000\040\000T\000r\000e\000e\000\040\000L\000a\000z\000y\000\040\000T\000y\000p\000e\000s}{section.3}% 24
\BOOKMARK [2][-]{subsection.3.20}{\376\377\000S\000e\000g\000m\000e\000n\000t\000\040\000T\000r\000e\000e\000\040\000L\000a\000z\000y}{section.3}% 25
\BOOKMARK [2][-]{subsection.3.21}{\376\377\000S\000e\000g\000m\000e\000n\000t\000\040\000T\000r\000e\000e\000\040\000L\000a\000z\000y\000\040\000R\000a\000n\000g\000e\000\040\000S\000e\000t}{section.3}% 26
\BOOKMARK [2][-]{subsection.3.22}{\376\377\000S\000e\000g\000m\000e\000n\000t\000\040\000T\000r\000e\000e\000\040\000M\000a\000x\000\040\000S\000u\000b\000a\000r\000r\000a\000y\000\040\000S\000u\000m}{section.3}% 27
\BOOKMARK [2][-]{subsection.3.23}{\376\377\000S\000e\000g\000m\000e\000n\000t\000\040\000T\000r\000e\000e\000\040\000R\000a\000n\000g\000e\000\040\000U\000p\000d\000a\000t\000e}{section.3}% 28
\BOOKMARK [2][-]{subsection.3.24}{\376\377\000S\000e\000g\000m\000e\000n\000t\000\040\000T\000r\000e\000e\000\040\000S\000t\000r\000u\000c\000t\000\040\000T\000y\000p\000e\000s}{section.3}% 29
\BOOKMARK [2][-]{subsection.3.25}{\376\377\000S\000e\000g\000m\000e\000n\000t\000\040\000T\000r\000e\000e\000\040\000S\000t\000r\000u\000c\000t}{section.3}% 30
\BOOKMARK [2][-]{subsection.3.26}{\376\377\000S\000e\000g\000m\000e\000n\000t\000\040\000T\000r\000e\000e\000\040\000W\000a\000l\000k}{section.3}% 31
\BOOKMARK [2][-]{subsection.3.27}{\376\377\000S\000p\000a\000r\000s\000e\000\040\000T\000a\000b\000l\000e}{section.3}% 32
\BOOKMARK [2][-]{subsection.3.28}{\376\377\000S\000q\000u\000a\000r\000e\000\040\000R\000o\000o\000t\000\040\000D\000e\000c\000o\000m\000p\000o\000s\000i\000t\000i\000o\000n}{section.3}% 33
\BOOKMARK [2][-]{subsection.3.29}{\376\377\000T\000r\000e\000a\000p}{section.3}% 34
\BOOKMARK [2][-]{subsection.3.30}{\376\377\000T\000r\000e\000a\000p\000\040\0002}{section.3}% 35
\BOOKMARK [2][-]{subsection.3.31}{\376\377\000T\000r\000e\000a\000p\000\040\000W\000i\000t\000h\000\040\000I\000n\000v\000e\000r\000s\000i\000o\000n}{section.3}% 36
\BOOKMARK [1][-]{section.4}{\376\377\000D\000y\000n\000a\000m\000i\000c\000\040\000P\000r\000o\000g\000r\000a\000m\000m\000i\000n\000g}{}% 37
\BOOKMARK [2][-]{subsection.4.1}{\376\377\000C\000H\000T\000\040\000D\000e\000q\000u\000e}{section.4}% 38
\BOOKMARK [2][-]{subsection.4.2}{\376\377\000D\000i\000g\000i\000t\000\040\000D\000P}{section.4}% 39
\BOOKMARK [2][-]{subsection.4.3}{\376\377\000D\000i\000v\000i\000d\000e\000\040\000a\000n\000d\000\040\000C\000o\000n\000q\000u\000e\000r\000\040\000D\000P}{section.4}% 40
\BOOKMARK [2][-]{subsection.4.4}{\376\377\000E\000d\000i\000t\000\040\000D\000i\000s\000t\000a\000n\000c\000e}{section.4}% 41
\BOOKMARK [2][-]{subsection.4.5}{\376\377\000L\000C\000S}{section.4}% 42
\BOOKMARK [2][-]{subsection.4.6}{\376\377\000L\000i\000n\000e\000\040\000C\000o\000n\000t\000a\000i\000n\000e\000r}{section.4}% 43
\BOOKMARK [2][-]{subsection.4.7}{\376\377\000L\000o\000n\000g\000e\000s\000t\000\040\000I\000n\000c\000r\000e\000a\000s\000i\000n\000g\000\040\000S\000u\000b\000s\000e\000q\000u\000e\000n\000c\000e}{section.4}% 44
\BOOKMARK [1][-]{section.5}{\376\377\000F\000l\000o\000w}{}% 45
\BOOKMARK [2][-]{subsection.5.1}{\376\377\000D\000i\000n\000i\000c}{section.5}% 46
\BOOKMARK [2][-]{subsection.5.2}{\376\377\000H\000o\000p\000c\000r\000o\000f\000t\000-\000K\000a\000r\000p}{section.5}% 47
\BOOKMARK [2][-]{subsection.5.3}{\376\377\000H\000u\000n\000g\000a\000r\000i\000a\000n}{section.5}% 48
\BOOKMARK [2][-]{subsection.5.4}{\376\377\000M\000a\000x\000\040\000F\000l\000o\000w\000\040\000M\000i\000n\000\040\000C\000o\000s\000t}{section.5}% 49
\BOOKMARK [2][-]{subsection.5.5}{\376\377\000M\000a\000x\000\040\000F\000l\000o\000w}{section.5}% 50
\BOOKMARK [2][-]{subsection.5.6}{\376\377\000M\000i\000n\000\040\000C\000o\000s\000t\000\040\000M\000a\000x\000\040\000F\000l\000o\000w}{section.5}% 51
\BOOKMARK [2][-]{subsection.5.7}{\376\377\000P\000u\000s\000h\000\040\000R\000e\000l\000a\000b\000e\000l}{section.5}% 52
\BOOKMARK [1][-]{section.6}{\376\377\000G\000e\000o\000m\000e\000t\000r\000y}{}% 53
\BOOKMARK [2][-]{subsection.6.1}{\376\377\000P\000o\000i\000n\000t\000\040\000S\000t\000r\000u\000c\000t}{section.6}% 54
\BOOKMARK [2][-]{subsection.6.2}{\376\377\000S\000o\000r\000t\000\040\000P\000o\000i\000n\000t\000s}{section.6}% 55
\BOOKMARK [2][-]{subsection.6.3}{\376\377\000P\000o\000i\000n\000t\000\040\000S\000t\000r\000u\000c\000t\0002}{section.6}% 56
\BOOKMARK [2][-]{subsection.6.4}{\376\377\000A\000n\000t\000i\000p\000o\000d\000a\000l\000\040\000P\000a\000i\000r\000s}{section.6}% 57
\BOOKMARK [2][-]{subsection.6.5}{\376\377\000A\000r\000e\000a\000\040\000a\000n\000d\000\040\000P\000e\000r\000i\000m\000e\000t\000e\000r}{section.6}% 58
\BOOKMARK [2][-]{subsection.6.6}{\376\377\000A\000r\000e\000a\000\040\000U\000n\000i\000o\000n\000\040\000C\000i\000r\000c\000l\000e\000s}{section.6}% 59
\BOOKMARK [2][-]{subsection.6.7}{\376\377\000C\000e\000n\000t\000r\000o\000i\000d}{section.6}% 60
\BOOKMARK [2][-]{subsection.6.8}{\376\377\000C\000i\000r\000c\000l\000e\000\040\000I\000n\000s\000i\000d\000e\000\040\000C\000i\000r\000c\000l\000e}{section.6}% 61
\BOOKMARK [2][-]{subsection.6.9}{\376\377\000C\000i\000r\000c\000l\000e\000\040\000O\000u\000t\000s\000i\000d\000e\000\040\000C\000i\000r\000c\000l\000e}{section.6}% 62
\BOOKMARK [2][-]{subsection.6.10}{\376\377\000C\000l\000o\000s\000e\000s\000t\000\040\000P\000a\000i\000r\000\040\000o\000f\000\040\000P\000o\000i\000n\000t\000s}{section.6}% 63
\BOOKMARK [2][-]{subsection.6.11}{\376\377\000C\000o\000m\000m\000o\000n\000\040\000T\000a\000n\000g\000e\000n\000t\000s}{section.6}% 64
\BOOKMARK [2][-]{subsection.6.12}{\376\377\000C\000o\000n\000v\000e\000x\000\040\000H\000u\000l\000l}{section.6}% 65
\BOOKMARK [2][-]{subsection.6.13}{\376\377\000S\000e\000g\000m\000e\000n\000t\000\040\000I\000n\000t\000e\000r\000s\000e\000c\000t\000i\000o\000n\000\040\000w\000i\000t\000h\000\040\000R\000a\000y}{section.6}% 66
\BOOKMARK [2][-]{subsection.6.14}{\376\377\000C\000u\000t\000\040\000P\000o\000l\000y\000g\000o\000n}{section.6}% 67
\BOOKMARK [2][-]{subsection.6.15}{\376\377\000D\000e\000l\000a\000u\000n\000a\000y\000\040\000T\000r\000i\000a\000n\000g\000u\000l\000a\000t\000i\000o\000n}{section.6}% 68
\BOOKMARK [2][-]{subsection.6.16}{\376\377\000D\000i\000a\000m\000e\000t\000e\000r\000\040\000a\000n\000d\000\040\000W\000i\000d\000t\000h}{section.6}% 69
\BOOKMARK [2][-]{subsection.6.17}{\376\377\000D\000i\000s\000t\000a\000n\000c\000e\000\040\000B\000e\000t\000w\000e\000e\000n\000\040\000P\000o\000i\000n\000t\000\040\000a\000n\000d\000\040\000C\000i\000r\000c\000l\000e}{section.6}% 70
\BOOKMARK [2][-]{subsection.6.18}{\376\377\000D\000i\000s\000t\000a\000n\000c\000e\000\040\000B\000e\000t\000w\000e\000e\000n\000\040\000P\000o\000i\000n\000t\000\040\000a\000n\000d\000\040\000L\000i\000n\000e}{section.6}% 71
\BOOKMARK [2][-]{subsection.6.19}{\376\377\000E\000x\000a\000m\000p\000l\000e\000\040\000o\000f\000\040\000G\000e\000o\000m\000e\000t\000r\000y}{section.6}% 72
\BOOKMARK [2][-]{subsection.6.20}{\376\377\000H\000a\000l\000f\000\040\000P\000l\000a\000n\000e\000\040\000I\000n\000t\000e\000r\000s\000e\000c\000t\000i\000o\000n}{section.6}% 73
\BOOKMARK [2][-]{subsection.6.21}{\376\377\000I\000n\000c\000i\000r\000c\000l\000e}{section.6}% 74
\BOOKMARK [2][-]{subsection.6.22}{\376\377\000I\000n\000t\000e\000r\000s\000e\000c\000t\000i\000o\000n\000\040\000o\000f\000\040\000T\000w\000o\000\040\000C\000i\000r\000c\000l\000e\000s}{section.6}% 75
\BOOKMARK [2][-]{subsection.6.23}{\376\377\000I\000n\000t\000e\000r\000s\000e\000c\000t\000i\000o\000n\000\040\000L\000i\000n\000e\000\040\000a\000n\000d\000\040\000C\000i\000r\000c\000l\000e}{section.6}% 76
\BOOKMARK [2][-]{subsection.6.24}{\376\377\000I\000n\000t\000e\000r\000s\000e\000c\000t\000i\000o\000n\000\040\000P\000o\000l\000y\000g\000o\000n\000\040\000a\000n\000d\000\040\000C\000i\000r\000c\000l\000e}{section.6}% 77
\BOOKMARK [2][-]{subsection.6.25}{\376\377\000I\000n\000t\000e\000r\000s\000e\000c\000t\000i\000o\000n\000\040\000S\000e\000g\000m\000e\000n\000t\000\040\000a\000n\000d\000\040\000C\000i\000r\000c\000l\000e}{section.6}% 78
\BOOKMARK [2][-]{subsection.6.26}{\376\377\000L\000i\000n\000e\000\040\000I\000n\000t\000e\000r\000s\000e\000c\000t\000i\000o\000n}{section.6}% 79
\BOOKMARK [2][-]{subsection.6.27}{\376\377\000M\000i\000n\000k\000o\000w\000s\000k\000i\000\040\000S\000u\000m}{section.6}% 80
\BOOKMARK [2][-]{subsection.6.28}{\376\377\000P\000o\000i\000n\000t\000\040\000i\000n\000\040\000C\000i\000r\000c\000l\000e}{section.6}% 81
\BOOKMARK [2][-]{subsection.6.29}{\376\377\000P\000o\000i\000n\000t\000\040\000i\000n\000\040\000C\000o\000n\000v\000e\000x\000\040\000H\000u\000l\000l}{section.6}% 82
\BOOKMARK [2][-]{subsection.6.30}{\376\377\000P\000o\000i\000n\000t\000\040\000i\000n\000\040\000L\000i\000n\000e}{section.6}% 83
\BOOKMARK [2][-]{subsection.6.31}{\376\377\000P\000o\000i\000n\000t\000\040\000i\000n\000\040\000P\000e\000r\000i\000m\000e\000t\000e\000r}{section.6}% 84
\BOOKMARK [2][-]{subsection.6.32}{\376\377\000P\000o\000i\000n\000t\000\040\000i\000n\000\040\000P\000o\000l\000y\000g\000o\000n}{section.6}% 85
\BOOKMARK [2][-]{subsection.6.33}{\376\377\000P\000o\000i\000n\000t\000\040\000i\000n\000\040\000S\000e\000g\000m\000e\000n\000t}{section.6}% 86
\BOOKMARK [2][-]{subsection.6.34}{\376\377\000P\000o\000i\000n\000t\000s\000\040\000T\000a\000n\000g\000e\000n\000c\000y}{section.6}% 87
\BOOKMARK [2][-]{subsection.6.35}{\376\377\000P\000r\000o\000j\000e\000c\000t\000i\000o\000n\000\040\000P\000o\000i\000n\000t\000\040\000C\000i\000r\000c\000l\000e}{section.6}% 88
\BOOKMARK [2][-]{subsection.6.36}{\376\377\000S\000e\000g\000m\000e\000n\000t\000\040\000I\000n\000t\000e\000r\000s\000e\000c\000t\000i\000o\000n}{section.6}% 89
\BOOKMARK [2][-]{subsection.6.37}{\376\377\000S\000m\000a\000l\000l\000e\000s\000t\000\040\000E\000n\000c\000l\000o\000s\000i\000n\000g\000\040\000C\000i\000r\000c\000l\000e}{section.6}% 90
\BOOKMARK [2][-]{subsection.6.38}{\376\377\000S\000m\000a\000l\000l\000e\000s\000t\000\040\000E\000n\000c\000l\000o\000s\000i\000n\000g\000\040\000R\000e\000c\000t\000a\000n\000g\000l\000e}{section.6}% 91
\BOOKMARK [2][-]{subsection.6.39}{\376\377\000V\000a\000n\000t\000a\000g\000e\000\040\000P\000o\000i\000n\000t\000\040\000T\000r\000e\000e}{section.6}% 92
\BOOKMARK [1][-]{section.7}{\376\377\000G\000r\000a\000p\000h\000s}{}% 93
\BOOKMARK [2][-]{subsection.7.1}{\376\377\0002\000S\000a\000t}{section.7}% 94
\BOOKMARK [2][-]{subsection.7.2}{\376\377\000A\000r\000t\000i\000c\000u\000l\000a\000t\000i\000o\000n\000\040\000P\000o\000i\000n\000t\000s}{section.7}% 95
\BOOKMARK [2][-]{subsection.7.3}{\376\377\000B\000e\000l\000l\000m\000a\000n\000-\000F\000o\000r\000d}{section.7}% 96
\BOOKMARK [2][-]{subsection.7.4}{\376\377\000B\000i\000p\000a\000r\000t\000i\000t\000e\000\040\000C\000h\000e\000c\000k\000e\000r}{section.7}% 97
\BOOKMARK [2][-]{subsection.7.5}{\376\377\000B\000i\000p\000a\000r\000t\000i\000t\000e\000\040\000M\000a\000x\000i\000m\000u\000m\000\040\000M\000a\000t\000c\000h\000i\000n\000g}{section.7}% 98
\BOOKMARK [2][-]{subsection.7.6}{\376\377\000B\000l\000o\000c\000k\000\040\000C\000u\000t\000\040\000T\000r\000e\000e}{section.7}% 99
\BOOKMARK [2][-]{subsection.7.7}{\376\377\000B\000l\000o\000s\000s\000o\000m}{section.7}% 100
\BOOKMARK [2][-]{subsection.7.8}{\376\377\000B\000r\000i\000d\000g\000e\000s}{section.7}% 101
\BOOKMARK [2][-]{subsection.7.9}{\376\377\000B\000r\000i\000d\000g\000e\000s\000\040\000O\000n\000l\000i\000n\000e}{section.7}% 102
\BOOKMARK [2][-]{subsection.7.10}{\376\377\000D\000i\000j\000k\000s\000t\000r\000a}{section.7}% 103
\BOOKMARK [2][-]{subsection.7.11}{\376\377\000E\000u\000l\000e\000r\000i\000a\000n\000\040\000P\000a\000t\000h}{section.7}% 104
\BOOKMARK [2][-]{subsection.7.12}{\376\377\000F\000l\000o\000y\000d\000-\000W\000a\000r\000s\000h\000a\000l\000l}{section.7}% 105
\BOOKMARK [2][-]{subsection.7.13}{\376\377\000K\000r\000u\000s\000k\000a\000l}{section.7}% 106
\BOOKMARK [2][-]{subsection.7.14}{\376\377\000M\000a\000r\000r\000i\000a\000g\000e}{section.7}% 107
\BOOKMARK [2][-]{subsection.7.15}{\376\377\000S\000C\000C}{section.7}% 108
\BOOKMARK [1][-]{section.8}{\376\377\000L\000i\000n\000e\000a\000r\000\040\000A\000l\000g\000e\000b\000r\000a}{}% 109
\BOOKMARK [2][-]{subsection.8.1}{\376\377\000S\000i\000m\000p\000l\000e\000x}{section.8}% 110
\BOOKMARK [1][-]{section.9}{\376\377\000M\000a\000t\000h}{}% 111
\BOOKMARK [2][-]{subsection.9.1}{\376\377\000B\000i\000n\000P\000o\000w}{section.9}% 112
\BOOKMARK [2][-]{subsection.9.2}{\376\377\000D\000i\000o\000p\000h\000a\000n\000t\000i\000n\000e}{section.9}% 113
\BOOKMARK [2][-]{subsection.9.3}{\376\377\000D\000i\000s\000c\000r\000e\000t\000e\000\040\000L\000o\000g\000a\000r\000i\000t\000h\000m}{section.9}% 114
\BOOKMARK [2][-]{subsection.9.4}{\376\377\000D\000i\000v\000i\000s\000o\000r\000s}{section.9}% 115
\BOOKMARK [2][-]{subsection.9.5}{\376\377\000E\000u\000l\000e\000r\000\040\000T\000o\000t\000i\000e\000n\000t\000\040\000\050\000P\000h\000i\000\051}{section.9}% 116
\BOOKMARK [2][-]{subsection.9.6}{\376\377\000F\000i\000b\000o\000n\000a\000c\000c\000i}{section.9}% 117
\BOOKMARK [2][-]{subsection.9.7}{\376\377\000M\000a\000t\000r\000i\000x\000\040\000E\000x\000p\000o\000n\000e\000n\000t\000i\000a\000t\000i\000o\000n}{section.9}% 118
\BOOKMARK [2][-]{subsection.9.8}{\376\377\000M\000i\000l\000l\000e\000r\000\040\000R\000a\000b\000i\000n\000\040\000D\000e\000t\000e\000r\000m\000i\000n\000i\000s\000t\000i\000c}{section.9}% 119
\BOOKMARK [2][-]{subsection.9.9}{\376\377\000M\000o\000b\000i\000u\000s}{section.9}% 120
\BOOKMARK [2][-]{subsection.9.10}{\376\377\000P\000r\000e\000f\000i\000x\000\040\000S\000u\000m\000\040\000P\000h\000i}{section.9}% 121
\BOOKMARK [2][-]{subsection.9.11}{\376\377\000S\000i\000e\000v\000e}{section.9}% 122
\BOOKMARK [2][-]{subsection.9.12}{\376\377\000I\000d\000e\000n\000t\000i\000t\000i\000e\000s}{section.9}% 123
\BOOKMARK [2][-]{subsection.9.13}{\376\377\000B\000u\000r\000n\000s\000i\000d\000e\000'\000s\000\040\000L\000e\000m\000m\000a}{section.9}% 124
\BOOKMARK [2][-]{subsection.9.14}{\376\377\000R\000e\000c\000u\000r\000s\000i\000o\000n}{section.9}% 125
\BOOKMARK [2][-]{subsection.9.15}{\376\377\000T\000h\000e\000o\000r\000e\000m\000s}{section.9}% 126
\BOOKMARK [2][-]{subsection.9.16}{\376\377\000S\000u\000m\000s}{section.9}% 127
\BOOKMARK [2][-]{subsection.9.17}{\376\377\000C\000a\000t\000a\000l\000a\000n\000\040\000n\000u\000m\000b\000e\000r\000s}{section.9}% 128
\BOOKMARK [2][-]{subsection.9.18}{\376\377\000C\000a\000y\000l\000e\000y\000'\000s\000\040\000f\000o\000r\000m\000u\000l\000a}{section.9}% 129
\BOOKMARK [2][-]{subsection.9.19}{\376\377\000G\000e\000o\000m\000e\000t\000r\000i\000c\000\040\000s\000e\000r\000i\000e\000s}{section.9}% 130
\BOOKMARK [2][-]{subsection.9.20}{\376\377\000E\000s\000t\000i\000m\000a\000t\000e\000s\000\040\000F\000o\000r\000\040\000D\000i\000v\000i\000s\000o\000r\000s}{section.9}% 131
\BOOKMARK [2][-]{subsection.9.21}{\376\377\000S\000u\000m\000\040\000o\000f\000\040\000d\000i\000v\000i\000s\000o\000r\000s}{section.9}% 132
\BOOKMARK [2][-]{subsection.9.22}{\376\377\000P\000y\000t\000h\000a\000g\000o\000r\000e\000a\000n\000\040\000T\000r\000i\000p\000l\000e\000t\000s}{section.9}% 133
\BOOKMARK [2][-]{subsection.9.23}{\376\377\000D\000e\000r\000a\000n\000g\000e\000m\000e\000n\000t\000s}{section.9}% 134
\BOOKMARK [1][-]{section.10}{\376\377\000G\000a\000m\000e\000\040\000T\000h\000e\000o\000r\000y}{}% 135
\BOOKMARK [2][-]{subsection.10.1}{\376\377\000S\000p\000r\000a\000g\000u\000e\000-\000G\000r\000u\000n\000d\000y\000\040\000t\000h\000e\000o\000r\000e\000m}{section.10}% 136
\BOOKMARK [1][-]{section.11}{\376\377\000M\000o\000r\000e\000\040\000T\000o\000p\000i\000c\000s}{}% 137
\BOOKMARK [2][-]{subsection.11.1}{\376\377\0002\000D\000\040\000P\000r\000e\000f\000i\000x\000\040\000S\000u\000m}{section.11}% 138
\BOOKMARK [2][-]{subsection.11.2}{\376\377\000C\000u\000s\000t\000o\000m\000\040\000C\000o\000m\000p\000a\000r\000a\000t\000o\000r\000s}{section.11}% 139
\BOOKMARK [2][-]{subsection.11.3}{\376\377\000D\000a\000y\000\040\000o\000f\000\040\000t\000h\000e\000\040\000W\000e\000e\000k}{section.11}% 140
\BOOKMARK [2][-]{subsection.11.4}{\376\377\000G\000C\000D\000\040\000C\000o\000n\000v\000o\000l\000u\000t\000i\000o\000n}{section.11}% 141
\BOOKMARK [2][-]{subsection.11.5}{\376\377\000i\000n\000t\0001\0002\0008}{section.11}% 142
\BOOKMARK [2][-]{subsection.11.6}{\376\377\000I\000t\000e\000r\000a\000t\000i\000n\000g\000\040\000O\000v\000e\000r\000\040\000A\000l\000l\000\040\000S\000u\000b\000s\000e\000t\000s}{section.11}% 143
\BOOKMARK [2][-]{subsection.11.7}{\376\377\000L\000C\000M\000\040\000C\000o\000n\000v\000o\000l\000u\000t\000i\000o\000n}{section.11}% 144
\BOOKMARK [2][-]{subsection.11.8}{\376\377\000M\000a\000n\000h\000a\000t\000t\000a\000n\000\040\000M\000S\000T}{section.11}% 145
\BOOKMARK [2][-]{subsection.11.9}{\376\377\000M\000o}{section.11}% 146
\BOOKMARK [2][-]{subsection.11.10}{\376\377\000M\000O\000D\000\040\000I\000N\000T}{section.11}% 147
\BOOKMARK [2][-]{subsection.11.11}{\376\377\000N\000e\000x\000t\000\040\000P\000e\000r\000m\000u\000t\000a\000t\000i\000o\000n}{section.11}% 148
\BOOKMARK [2][-]{subsection.11.12}{\376\377\000N\000e\000x\000t\000\040\000a\000n\000d\000\040\000P\000r\000e\000v\000i\000o\000u\000s\000\040\000S\000m\000a\000l\000l\000e\000r\000/\000G\000r\000e\000a\000t\000e\000r\000\040\000E\000l\000e\000m\000e\000n\000t}{section.11}% 149
\BOOKMARK [2][-]{subsection.11.13}{\376\377\000P\000a\000r\000a\000l\000l\000e\000l\000\040\000B\000i\000n\000a\000r\000y\000\040\000S\000e\000a\000r\000c\000h}{section.11}% 150
\BOOKMARK [2][-]{subsection.11.14}{\376\377\000R\000a\000n\000d\000o\000m\000\040\000N\000u\000m\000b\000e\000r\000\040\000G\000e\000n\000e\000r\000a\000t\000o\000r\000s}{section.11}% 151
\BOOKMARK [2][-]{subsection.11.15}{\376\377\000s\000e\000t\000p\000r\000e\000c\000i\000s\000i\000o\000n}{section.11}% 152
\BOOKMARK [2][-]{subsection.11.16}{\376\377\000T\000e\000r\000n\000a\000r\000y\000\040\000S\000e\000a\000r\000c\000h}{section.11}% 153
\BOOKMARK [2][-]{subsection.11.17}{\376\377\000T\000e\000r\000n\000a\000r\000y\000\040\000S\000e\000a\000r\000c\000h\000\040\000I\000n\000t}{section.11}% 154
\BOOKMARK [2][-]{subsection.11.18}{\376\377\000X\000O\000R\000\040\000C\000o\000n\000v\000o\000l\000u\000t\000i\000o\000n}{section.11}% 155
\BOOKMARK [2][-]{subsection.11.19}{\376\377\000X\000O\000R\000\040\000B\000a\000s\000i\000s}{section.11}% 156
\BOOKMARK [1][-]{section.12}{\376\377\000P\000o\000l\000y\000n\000o\000m\000i\000a\000l\000s}{}% 157
\BOOKMARK [2][-]{subsection.12.1}{\376\377\000B\000e\000r\000l\000e\000k\000a\000m\000p\000\040\000M\000a\000s\000s\000e\000y}{section.12}% 158
\BOOKMARK [2][-]{subsection.12.2}{\376\377\000F\000F\000T}{section.12}% 159
\BOOKMARK [2][-]{subsection.12.3}{\376\377\000N\000T\000T}{section.12}% 160
\BOOKMARK [2][-]{subsection.12.4}{\376\377\000R\000o\000o\000t\000s\000\040\000N\000T\000T}{section.12}% 161
\BOOKMARK [1][-]{section.13}{\376\377\000S\000t\000r\000i\000n\000g\000s}{}% 162
\BOOKMARK [2][-]{subsection.13.1}{\376\377\000H\000a\000s\000h\000e\000d\000\040\000S\000t\000r\000i\000n\000g}{section.13}% 163
\BOOKMARK [2][-]{subsection.13.2}{\376\377\000K\000M\000P}{section.13}% 164
\BOOKMARK [2][-]{subsection.13.3}{\376\377\000L\000e\000a\000s\000t\000\040\000R\000o\000t\000a\000t\000i\000o\000n\000\040\000S\000t\000r\000i\000n\000g}{section.13}% 165
\BOOKMARK [2][-]{subsection.13.4}{\376\377\000M\000a\000n\000a\000c\000h\000e\000r}{section.13}% 166
\BOOKMARK [2][-]{subsection.13.5}{\376\377\000S\000u\000f\000f\000i\000x\000\040\000A\000r\000r\000a\000y}{section.13}% 167
\BOOKMARK [2][-]{subsection.13.6}{\376\377\000S\000u\000f\000f\000i\000x\000\040\000A\000u\000t\000o\000m\000a\000t\000o\000n}{section.13}% 168
\BOOKMARK [2][-]{subsection.13.7}{\376\377\000T\000r\000i\000e\000\040\000A\000h\000o\000c\000o\000r\000a\000s\000i\000c\000k}{section.13}% 169
\BOOKMARK [2][-]{subsection.13.8}{\376\377\000Z\000\040\000F\000u\000n\000c\000t\000i\000o\000n}{section.13}% 170
\BOOKMARK [1][-]{section.14}{\376\377\000T\000r\000e\000e\000s}{}% 171
\BOOKMARK [2][-]{subsection.14.1}{\376\377\000C\000e\000n\000t\000r\000o\000i\000d\000\040\000D\000e\000c\000o\000m\000p\000o\000s\000i\000t\000i\000o\000n}{section.14}% 172
\BOOKMARK [2][-]{subsection.14.2}{\376\377\000H\000e\000a\000v\000y\000\040\000L\000i\000g\000h\000t\000\040\000D\000e\000c\000o\000m\000p\000o\000s\000i\000t\000i\000o\000n}{section.14}% 173
\BOOKMARK [2][-]{subsection.14.3}{\376\377\000L\000o\000w\000e\000s\000t\000\040\000C\000o\000m\000m\000o\000n\000\040\000A\000n\000c\000e\000s\000t\000o\000r\000\040\000\050\000L\000C\000A\000\051}{section.14}% 174
\BOOKMARK [2][-]{subsection.14.4}{\376\377\000T\000r\000e\000e\000\040\000D\000i\000a\000m\000e\000t\000e\000r}{section.14}% 175
\BOOKMARK [1][-]{section.15}{\376\377\000S\000c\000r\000i\000p\000t\000s}{}% 176
\BOOKMARK [2][-]{subsection.15.1}{\376\377\000b\000u\000i\000l\000d\000.\000s\000h}{section.15}% 177
\BOOKMARK [2][-]{subsection.15.2}{\376\377\000s\000t\000r\000e\000s\000s\000.\000s\000h}{section.15}% 178
\BOOKMARK [2][-]{subsection.15.3}{\376\377\000v\000a\000l\000i\000d\000a\000t\000e\000.\000s\000h}{section.15}% 179
