\BOOKMARK [1][-]{section.1}{\376\377\000F\000u\000n\000c\000i\000o\000n\000e\000s\000\040\000C\000+\000+}{}% 1
\BOOKMARK [1][-]{section.2}{\376\377\000D\000a\000t\000a\000\040\000S\000t\000r\000u\000c\000t\000u\000r\000e\000s}{}% 2
\BOOKMARK [2][-]{subsection.2.1}{\376\377\000S\000p\000a\000r\000s\000e\000T\000a\000b\000l\000e}{section.2}% 3
\BOOKMARK [2][-]{subsection.2.2}{\376\377\000S\000e\000g\000m\000e\000n\000t\000\040\000T\000r\000e\000e}{section.2}% 4
\BOOKMARK [2][-]{subsection.2.3}{\376\377\000S\000e\000g\000m\000e\000n\000t\000\040\000T\000r\000e\000e\000\040\000M\000a\000x\000\040\000S\000u\000b\000a\000r\000r\000a\000y\000\040\000S\000u\000m}{section.2}% 5
\BOOKMARK [2][-]{subsection.2.4}{\376\377\000M\000e\000r\000g\000e\000S\000o\000r\000t\000T\000r\000e\000e}{section.2}% 6
\BOOKMARK [2][-]{subsection.2.5}{\376\377\000L\000a\000z\000y\000S\000e\000g\000m\000e\000n\000t\000T\000r\000e\000e}{section.2}% 7
\BOOKMARK [2][-]{subsection.2.6}{\376\377\000P\000e\000r\000s\000i\000s\000t\000e\000n\000t\000S\000e\000g\000m\000e\000n\000t\000T\000r\000e\000e}{section.2}% 8
\BOOKMARK [2][-]{subsection.2.7}{\376\377\000P\000e\000r\000s\000i\000s\000t\000e\000n\000t\000\040\000A\000r\000r\000a\000y}{section.2}% 9
\BOOKMARK [2][-]{subsection.2.8}{\376\377\000F\000e\000n\000w\000i\000c\000k}{section.2}% 10
\BOOKMARK [2][-]{subsection.2.9}{\376\377\000F\000e\000n\000w\000i\000c\000k\000\040\0002\000D}{section.2}% 11
\BOOKMARK [2][-]{subsection.2.10}{\376\377\000S\000e\000g\000m\000e\000n\000t\000T\000r\000e\000e\000\040\0002\000D}{section.2}% 12
\BOOKMARK [2][-]{subsection.2.11}{\376\377\000D\000y\000n\000a\000m\000i\000c\000S\000e\000g\000T\000r\000e\000e}{section.2}% 13
\BOOKMARK [2][-]{subsection.2.12}{\376\377\000O\000r\000d\000e\000r\000e\000d\000S\000e\000t}{section.2}% 14
\BOOKMARK [2][-]{subsection.2.13}{\376\377\000D\000i\000s\000j\000o\000i\000n\000t\000\040\000S\000e\000t\000\040\000U\000n\000i\000o\000n}{section.2}% 15
\BOOKMARK [2][-]{subsection.2.14}{\376\377\000B\000i\000t\000T\000r\000i\000e}{section.2}% 16
\BOOKMARK [2][-]{subsection.2.15}{\376\377\000P\000a\000l\000i\000n\000d\000r\000o\000m\000i\000c\000\040\000T\000r\000e\000e}{section.2}% 17
\BOOKMARK [2][-]{subsection.2.16}{\376\377\000L\000i\000n\000e\000C\000o\000n\000t\000a\000i\000n\000e\000r}{section.2}% 18
\BOOKMARK [2][-]{subsection.2.17}{\376\377\000S\000q\000r\000t\000D\000e\000c\000o\000m\000p\000o\000s\000i\000t\000i\000o\000n}{section.2}% 19
\BOOKMARK [2][-]{subsection.2.18}{\376\377\000T\000r\000e\000a\000p}{section.2}% 20
\BOOKMARK [2][-]{subsection.2.19}{\376\377\000D\000y\000n\000a\000m\000m\000i\000c\000\040\000C\000o\000n\000n\000e\000c\000t\000i\000v\000i\000t\000y}{section.2}% 21
\BOOKMARK [2][-]{subsection.2.20}{\376\377\000B\000i\000t\000s\000e\000t}{section.2}% 22
\BOOKMARK [1][-]{section.3}{\376\377\000M\000a\000t\000h}{}% 23
\BOOKMARK [2][-]{subsection.3.1}{\376\377\000B\000i\000n\000a\000r\000y\000\040\000E\000x\000p\000o\000n\000e\000n\000t\000i\000a\000t\000i\000o\000n\000\040\000A\000n\000d\000\040\000M\000o\000d\000u\000l\000a\000r\000\040\000D\000i\000v\000i\000s\000i\000o\000n}{section.3}% 24
\BOOKMARK [2][-]{subsection.3.2}{\376\377\000E\000u\000l\000e\000r\000'\000s\000\040\000T\000o\000t\000i\000e\000n\000t}{section.3}% 25
\BOOKMARK [2][-]{subsection.3.3}{\376\377\000M\000i\000l\000l\000e\000r\000\040\000R\000a\000b\000i\000n}{section.3}% 26
\BOOKMARK [2][-]{subsection.3.4}{\376\377\000D\000i\000o\000p\000h\000a\000n\000t\000i\000n\000e}{section.3}% 27
\BOOKMARK [2][-]{subsection.3.5}{\376\377\000D\000i\000s\000c\000r\000e\000t\000e\000\040\000L\000o\000g}{section.3}% 28
\BOOKMARK [1][-]{section.4}{\376\377\000P\000o\000l\000y\000n\000o\000m\000i\000a\000l\000s}{}% 29
\BOOKMARK [2][-]{subsection.4.1}{\376\377\000F\000a\000s\000t\000\040\000F\000o\000u\000r\000i\000e\000r\000\040\000T\000r\000a\000n\000s\000f\000o\000r\000m\000\040\000\050\000F\000F\000T\000\051}{section.4}% 30
\BOOKMARK [2][-]{subsection.4.2}{\376\377\000N\000u\000m\000b\000e\000r\000\040\000T\000h\000e\000o\000r\000e\000t\000i\000c\000\040\000T\000r\000a\000n\000s\000f\000o\000r\000m\000\040\000\050\000N\000T\000T\000\051}{section.4}% 31
\BOOKMARK [2][-]{subsection.4.3}{\376\377\000B\000e\000r\000l\000e\000k\000a\000m\000p\000-\000M\000a\000s\000s\000e\000y}{section.4}% 32
\BOOKMARK [1][-]{section.5}{\376\377\000L\000i\000n\000e\000a\000r\000\040\000A\000l\000g\000e\000b\000r\000a}{}% 33
\BOOKMARK [2][-]{subsection.5.1}{\376\377\000S\000i\000m\000p\000l\000e\000x}{section.5}% 34
\BOOKMARK [1][-]{section.6}{\376\377\000G\000r\000a\000p\000h\000s}{}% 35
\BOOKMARK [2][-]{subsection.6.1}{\376\377\000D\000j\000i\000k\000s\000t\000r\000a}{section.6}% 36
\BOOKMARK [2][-]{subsection.6.2}{\376\377\000F\000l\000o\000y\000d\000W\000a\000r\000s\000h\000a\000l\000l}{section.6}% 37
\BOOKMARK [2][-]{subsection.6.3}{\376\377\000B\000e\000l\000l\000m\000a\000n\000F\000o\000r\000d}{section.6}% 38
\BOOKMARK [2][-]{subsection.6.4}{\376\377\000B\000e\000l\000l\000m\000a\000n\000F\000o\000r\000d\000F\000a\000s\000t\000\050\000S\000P\000F\000A\000\051}{section.6}% 39
\BOOKMARK [2][-]{subsection.6.5}{\376\377\000E\000u\000l\000e\000r\000i\000a\000n\000P\000a\000t\000h}{section.6}% 40
\BOOKMARK [2][-]{subsection.6.6}{\376\377\000K\000r\000u\000s\000k\000a\000l}{section.6}% 41
\BOOKMARK [2][-]{subsection.6.7}{\376\377\000S\000t\000r\000o\000n\000g\000l\000y\000\040\000C\000o\000n\000n\000e\000c\000t\000e\000d\000\040\000C\000o\000m\000p\000o\000n\000e\000n\000t\000s}{section.6}% 42
\BOOKMARK [2][-]{subsection.6.8}{\376\377\0002\000S\000a\000t}{section.6}% 43
\BOOKMARK [2][-]{subsection.6.9}{\376\377\000F\000i\000n\000d\000i\000n\000g\000\040\000B\000r\000i\000d\000g\000e\000s}{section.6}% 44
\BOOKMARK [2][-]{subsection.6.10}{\376\377\000F\000i\000n\000d\000i\000n\000g\000\040\000B\000r\000i\000d\000g\000e\000s\000\040\000O\000n\000l\000i\000n\000e\000\040}{section.6}% 45
\BOOKMARK [2][-]{subsection.6.11}{\376\377\000A\000r\000t\000i\000c\000u\000l\000a\000t\000i\000o\000n\000\040\000P\000o\000i\000n\000t\000s}{section.6}% 46
\BOOKMARK [2][-]{subsection.6.12}{\376\377\000B\000i\000c\000o\000n\000n\000e\000c\000t\000e\000d\000\040\000C\000o\000m\000p\000o\000n\000e\000n\000t\000s\000\040\000\050\000B\000l\000o\000c\000k\000\040\000C\000u\000t\000\040\000T\000r\000e\000e\000\051}{section.6}% 47
\BOOKMARK [2][-]{subsection.6.13}{\376\377\000B\000l\000o\000s\000s\000o\000m}{section.6}% 48
\BOOKMARK [2][-]{subsection.6.14}{\376\377\000M\000a\000r\000r\000i\000a\000g\000e}{section.6}% 49
\BOOKMARK [1][-]{section.7}{\376\377\000T\000r\000e\000e\000s}{}% 50
\BOOKMARK [2][-]{subsection.7.1}{\376\377\000T\000r\000e\000e\000\040\000D\000i\000a\000m\000e\000t\000e\000r}{section.7}% 51
\BOOKMARK [2][-]{subsection.7.2}{\376\377\000H\000e\000a\000v\000y\000\040\000L\000i\000g\000h\000t\000\040\000D\000e\000c\000o\000m\000p\000o\000s\000i\000t\000i\000o\000n}{section.7}% 52
\BOOKMARK [2][-]{subsection.7.3}{\376\377\000L\000o\000w\000e\000s\000t\000\040\000C\000o\000m\000m\000o\000n\000\040\000A\000n\000c\000e\000s\000t\000o\000r\000\040\000\050\000L\000C\000A\000\051}{section.7}% 53
\BOOKMARK [2][-]{subsection.7.4}{\376\377\000C\000e\000n\000t\000r\000o\000i\000d\000\040\000D\000e\000c\000o\000m\000p\000o\000s\000i\000t\000i\000o\000n}{section.7}% 54
\BOOKMARK [1][-]{section.8}{\376\377\000F\000l\000o\000w\000s}{}% 55
\BOOKMARK [2][-]{subsection.8.1}{\376\377\000D\000i\000n\000i\000c}{section.8}% 56
\BOOKMARK [2][-]{subsection.8.2}{\376\377\000H\000u\000n\000g\000a\000r\000i\000a\000n}{section.8}% 57
\BOOKMARK [2][-]{subsection.8.3}{\376\377\000M\000i\000n\000-\000c\000o\000s\000t\000\040\000M\000a\000x\000-\000F\000l\000o\000w}{section.8}% 58
\BOOKMARK [1][-]{section.9}{\376\377\000S\000t\000r\000i\000n\000g\000s}{}% 59
\BOOKMARK [2][-]{subsection.9.1}{\376\377\000K\000M\000P\000-\000P\000r\000e\000f\000i\000x\000\040\000F\000u\000n\000c\000t\000i\000o\000n}{section.9}% 60
\BOOKMARK [2][-]{subsection.9.2}{\376\377\000Z\000-\000F\000u\000n\000c\000t\000i\000o\000n}{section.9}% 61
\BOOKMARK [2][-]{subsection.9.3}{\376\377\000M\000a\000n\000a\000c\000h\000e\000r}{section.9}% 62
\BOOKMARK [2][-]{subsection.9.4}{\376\377\000S\000t\000r\000i\000n\000g\000\040\000H\000a\000s\000h\000i\000n\000g}{section.9}% 63
\BOOKMARK [2][-]{subsection.9.5}{\376\377\000M\000i\000n\000C\000y\000c\000l\000i\000c\000R\000o\000t\000a\000t\000i\000o\000n}{section.9}% 64
\BOOKMARK [2][-]{subsection.9.6}{\376\377\000S\000u\000f\000f\000i\000x\000\040\000A\000r\000r\000a\000y}{section.9}% 65
\BOOKMARK [2][-]{subsection.9.7}{\376\377\000T\000r\000i\000e\000\040\000A\000h\000o\000C\000o\000r\000a\000s\000i\000c\000k}{section.9}% 66
\BOOKMARK [2][-]{subsection.9.8}{\376\377\000S\000u\000f\000f\000i\000x\000A\000u\000t\000o\000m\000a\000t\000o\000n}{section.9}% 67
\BOOKMARK [1][-]{section.10}{\376\377\000D\000P}{}% 68
\BOOKMARK [2][-]{subsection.10.1}{\376\377\000D\000i\000g\000i\000t\000\040\000D\000P}{section.10}% 69
\BOOKMARK [2][-]{subsection.10.2}{\376\377\000C\000o\000n\000v\000e\000x\000\040\000H\000u\000l\000l\000\040\000T\000r\000i\000c\000k\000\040\000D\000e\000q\000u\000e}{section.10}% 70
\BOOKMARK [2][-]{subsection.10.3}{\376\377\000L\000o\000n\000g\000e\000s\000t\000\040\000C\000o\000m\000m\000o\000n\000\040\000S\000u\000b\000s\000e\000q\000u\000e\000n\000c\000e\000\050\000L\000C\000S\000\051}{section.10}% 71
\BOOKMARK [2][-]{subsection.10.4}{\376\377\000E\000d\000i\000t\000\040\000D\000i\000s\000t\000a\000n\000c\000e}{section.10}% 72
\BOOKMARK [2][-]{subsection.10.5}{\376\377\000L\000o\000n\000g\000e\000s\000t\000\040\000I\000n\000c\000r\000e\000a\000s\000i\000n\000g\000\040\000S\000u\000b\000s\000e\000q\000u\000e\000n\000c\000e\000\050\000L\000I\000S\000\051}{section.10}% 73
\BOOKMARK [1][-]{section.11}{\376\377\000G\000e\000o\000m\000e\000t\000r\000y}{}% 74
\BOOKMARK [2][-]{subsection.11.1}{\376\377\000G\000e\000o\000m\000e\000t\000r\000y\000\040\000P\000r\000i\000m\000i\000t\000i\000v\000e\000s}{section.11}% 75
\BOOKMARK [2][-]{subsection.11.2}{\376\377\000A\000r\000e\000a\000\040\000o\000f\000\040\000s\000i\000m\000p\000l\000e\000\040\000P\000o\000l\000y\000g\000o\000n}{section.11}% 76
\BOOKMARK [2][-]{subsection.11.3}{\376\377\000P\000o\000i\000n\000t\000\040\000I\000n\000s\000i\000d\000e\000\040\000C\000o\000n\000v\000e\000x\000\040\000P\000o\000l\000y\000g\000o\000n}{section.11}% 77
\BOOKMARK [2][-]{subsection.11.4}{\376\377\000N\000e\000a\000r\000e\000s\000t\000\040\000P\000a\000i\000r\000\040\000O\000f\000\040\000P\000o\000i\000n\000t\000s}{section.11}% 78
\BOOKMARK [2][-]{subsection.11.5}{\376\377\000C\000o\000n\000v\000e\000x\000H\000u\000l\000l}{section.11}% 79
\BOOKMARK [2][-]{subsection.11.6}{\376\377\000R\000o\000t\000a\000t\000i\000n\000g\000\040\000C\000a\000l\000i\000p\000e\000r\000s}{section.11}% 80
\BOOKMARK [1][-]{section.12}{\376\377\000M\000i\000s\000c\000e\000l\000l\000a\000n\000e\000o\000u\000s}{}% 81
\BOOKMARK [2][-]{subsection.12.1}{\376\377\000C\000u\000s\000t\000o\000m\000\040\000C\000o\000m\000p\000a\000r\000a\000t\000o\000r\000s}{section.12}% 82
\BOOKMARK [2][-]{subsection.12.2}{\376\377\000R\000a\000n\000d\000o\000m\000\040\000N\000u\000m\000b\000e\000r\000\040\000G\000e\000n\000e\000r\000a\000t\000o\000r}{section.12}% 83
\BOOKMARK [2][-]{subsection.12.3}{\376\377\000I\000n\000t\000\040\000T\000e\000r\000n\000a\000r\000y\000\040\000S\000e\000a\000r\000c\000h}{section.12}% 84
\BOOKMARK [2][-]{subsection.12.4}{\376\377\000T\000e\000r\000n\000a\000r\000y\000\040\000S\000e\000a\000r\000c\000h}{section.12}% 85
\BOOKMARK [2][-]{subsection.12.5}{\376\377\000P\000a\000r\000a\000l\000l\000e\000l\000\040\000B\000i\000n\000a\000r\000y\000\040\000S\000e\000a\000r\000c\000h}{section.12}% 86
\BOOKMARK [2][-]{subsection.12.6}{\376\377\000N\000e\000x\000t\000\040\000a\000n\000d\000\040\000P\000r\000e\000v\000\040\000S\000m\000a\000l\000l\000e\000r\000/\000G\000r\000e\000a\000t\000e\000r}{section.12}% 87
\BOOKMARK [2][-]{subsection.12.7}{\376\377\0002\000D\000\040\000P\000r\000e\000f\000i\000x\000\040\000S\000u\000m}{section.12}% 88
\BOOKMARK [2][-]{subsection.12.8}{\376\377\000D\000a\000y\000\040\000o\000f\000\040\000W\000e\000e\000k}{section.12}% 89
\BOOKMARK [2][-]{subsection.12.9}{\376\377\000I\000t\000e\000r\000a\000t\000i\000n\000g\000\040\000o\000v\000e\000r\000\040\000a\000l\000l\000\040\000s\000u\000b\000s\000e\000t\000s\000\040\000o\000f\000\040\000m\000a\000s\000k}{section.12}% 90
\BOOKMARK [2][-]{subsection.12.10}{\376\377\000I\000n\000t\000\040\0001\0002\0008}{section.12}% 91
\BOOKMARK [2][-]{subsection.12.11}{\376\377\000X\000O\000R\000\040\000B\000a\000s\000i\000s}{section.12}% 92
\BOOKMARK [2][-]{subsection.12.12}{\376\377\000X\000O\000R\000\040\000C\000o\000n\000v\000o\000l\000u\000t\000i\000o\000n}{section.12}% 93
\BOOKMARK [2][-]{subsection.12.13}{\376\377\000G\000C\000D\000\040\000C\000o\000n\000v\000o\000l\000u\000t\000i\000o\000n}{section.12}% 94
\BOOKMARK [2][-]{subsection.12.14}{\376\377\000L\000C\000M\000\040\000C\000o\000n\000v\000o\000l\000u\000t\000i\000o\000n}{section.12}% 95
\BOOKMARK [2][-]{subsection.12.15}{\376\377\000O\000R\000,\000\040\000A\000N\000D\000\040\000C\000o\000n\000v\000o\000l\000u\000t\000i\000o\000n}{section.12}% 96
\BOOKMARK [2][-]{subsection.12.16}{\376\377\000M\000o\000'\000s\000\040\000A\000l\000g\000o\000r\000i\000t\000h\000m}{section.12}% 97
\BOOKMARK [2][-]{subsection.12.17}{\376\377\000M\000a\000t\000r\000i\000x\000\040\000E\000x\000p\000o\000n\000e\000n\000t\000i\000a\000t\000i\000o\000n}{section.12}% 98
\BOOKMARK [2][-]{subsection.12.18}{\376\377\000S\000p\000r\000a\000g\000u\000e\000-\000G\000r\000u\000n\000d\000y\000\040\000T\000h\000e\000o\000r\000e\000m}{section.12}% 99
\BOOKMARK [1][-]{section.13}{\376\377\000S\000t\000r\000e\000s\000s\000\040\000T\000e\000s\000t\000i\000n\000g\000\040\000S\000c\000r\000i\000p\000t\000s}{}% 100
\BOOKMARK [2][-]{subsection.13.1}{\376\377\000b\000u\000i\000l\000d\000.\000s\000h}{section.13}% 101
\BOOKMARK [2][-]{subsection.13.2}{\376\377\000s\000t\000r\000e\000s\000s\000.\000s\000h}{section.13}% 102
\BOOKMARK [2][-]{subsection.13.3}{\376\377\000v\000a\000l\000i\000d\000a\000t\000e\000.\000s\000h}{section.13}% 103
\BOOKMARK [1][-]{section.14}{\376\377\000U\000s\000e\000f\000u\000l\000\040\000t\000h\000i\000n\000g\000s}{}% 104
\BOOKMARK [2][-]{subsection.14.1}{\376\377\000S\000u\000m\000s}{section.14}% 105
\BOOKMARK [2][-]{subsection.14.2}{\376\377\000C\000a\000t\000a\000l\000a\000n\000\040\000n\000u\000m\000b\000e\000r\000s}{section.14}% 106
\BOOKMARK [2][-]{subsection.14.3}{\376\377\000C\000a\000y\000l\000e\000y\000'\000s\000\040\000f\000o\000r\000m\000u\000l\000a}{section.14}% 107
\BOOKMARK [2][-]{subsection.14.4}{\376\377\000G\000e\000o\000m\000e\000t\000r\000i\000c\000\040\000s\000e\000r\000i\000e\000s}{section.14}% 108
\BOOKMARK [2][-]{subsection.14.5}{\376\377\000E\000s\000t\000i\000m\000a\000t\000e\000s\000\040\000F\000o\000r\000\040\000D\000i\000v\000i\000s\000o\000r\000s}{section.14}% 109
\BOOKMARK [2][-]{subsection.14.6}{\376\377\000S\000u\000m\000\040\000o\000f\000\040\000d\000i\000v\000i\000s\000o\000r\000s}{section.14}% 110
\BOOKMARK [2][-]{subsection.14.7}{\376\377\000P\000y\000t\000h\000a\000g\000o\000r\000e\000a\000n\000\040\000T\000r\000i\000p\000l\000e\000t\000s}{section.14}% 111
\BOOKMARK [2][-]{subsection.14.8}{\376\377\000D\000e\000r\000a\000n\000g\000e\000m\000e\000n\000t\000s}{section.14}% 112
\BOOKMARK [1][-]{section.15}{\376\377\000C\000+\000+\000\040\000t\000h\000i\000n\000g\000s}{}% 113
