\BOOKMARK [1][-]{section.1}{\376\377\000D\000a\000t\000a\000\040\000s\000t\000r\000u\000c\000t\000u\000r\000e\000s}{}% 1
\BOOKMARK [2][-]{subsection.1.1}{\376\377\000F\000e\000n\000w\000i\000c\000k\000\040\000T\000r\000e\000e}{section.1}% 2
\BOOKMARK [2][-]{subsection.1.2}{\376\377\000S\000e\000g\000m\000e\000n\000t\000\040\000T\000r\000e\000e}{section.1}% 3
\BOOKMARK [2][-]{subsection.1.3}{\376\377\000S\000e\000g\000m\000e\000n\000t\000\040\000t\000r\000e\000e\000\050\000L\000a\000z\000y\000\051}{section.1}% 4
\BOOKMARK [2][-]{subsection.1.4}{\376\377\000S\000e\000g\000m\000e\000n\000t\000\040\000t\000r\000e\000e\000\040\000t\000y\000p\000e\000s}{section.1}% 5
\BOOKMARK [2][-]{subsection.1.5}{\376\377\000D\000S\000U}{section.1}% 6
\BOOKMARK [2][-]{subsection.1.6}{\376\377\000D\000S\000U\000\040\000w\000i\000t\000h\000\040\000d\000e\000l\000e\000t\000i\000o\000n}{section.1}% 7
\BOOKMARK [2][-]{subsection.1.7}{\376\377\000B\000I\000T}{section.1}% 8
\BOOKMARK [2][-]{subsection.1.8}{\376\377\000B\000I\000T\0002\000D}{section.1}% 9
\BOOKMARK [2][-]{subsection.1.9}{\376\377\000O\000s\000e\000t}{section.1}% 10
\BOOKMARK [2][-]{subsection.1.10}{\376\377\000M\000u\000l\000t\000i\000o\000s\000e\000t}{section.1}% 11
\BOOKMARK [2][-]{subsection.1.11}{\376\377\000T\000r\000e\000a\000p}{section.1}% 12
\BOOKMARK [2][-]{subsection.1.12}{\376\377\000T\000r\000e\000a\000p\000\040\000w\000i\000t\000h\000\040\000i\000n\000v\000e\000r\000s\000i\000o\000n}{section.1}% 13
\BOOKMARK [2][-]{subsection.1.13}{\376\377\000H\000L\000D}{section.1}% 14
\BOOKMARK [1][-]{section.2}{\376\377\000G\000r\000a\000p\000h\000s}{}% 15
\BOOKMARK [2][-]{subsection.2.1}{\376\377\000B\000F\000S}{section.2}% 16
\BOOKMARK [2][-]{subsection.2.2}{\376\377\000D\000F\000S}{section.2}% 17
\BOOKMARK [2][-]{subsection.2.3}{\376\377\000B\000e\000l\000l\000m\000a\000n\000\040\000F\000o\000r\000d}{section.2}% 18
\BOOKMARK [2][-]{subsection.2.4}{\376\377\000D\000i\000j\000k\000s\000t\000r\000a}{section.2}% 19
\BOOKMARK [2][-]{subsection.2.5}{\376\377\000F\000l\000o\000y\000d\000\040\000W\000a\000r\000s\000h\000a\000l}{section.2}% 20
\BOOKMARK [2][-]{subsection.2.6}{\376\377\000S\000t\000r\000o\000n\000g\000l\000y\000\040\000C\000o\000n\000n\000e\000c\000t\000e\000d\000\040\000C\000o\000m\000p\000o\000n\000e\000n\000t\000s}{section.2}% 21
\BOOKMARK [2][-]{subsection.2.7}{\376\377\000C\000o\000n\000d\000e\000n\000s\000a\000t\000i\000o\000n\000\040\000G\000r\000a\000p\000h}{section.2}% 22
\BOOKMARK [2][-]{subsection.2.8}{\376\377\000B\000r\000i\000d\000g\000e\000s\000\040\000A\000r\000t\000i\000c\000u\000l\000a\000t\000i\000o\000n}{section.2}% 23
\BOOKMARK [2][-]{subsection.2.9}{\376\377\000L\000C\000A}{section.2}% 24
\BOOKMARK [2][-]{subsection.2.10}{\376\377\0002\000s\000a\000t}{section.2}% 25
\BOOKMARK [2][-]{subsection.2.11}{\376\377\000B\000i\000p\000a\000r\000t\000i\000t\000e\000\040\000c\000h\000e\000c\000k}{section.2}% 26
\BOOKMARK [2][-]{subsection.2.12}{\376\377\000L\000C\000A\000\040\000w\000i\000t\000h\000\040\000R\000M\000Q}{section.2}% 27
\BOOKMARK [2][-]{subsection.2.13}{\376\377\000F\000i\000n\000d\000\040\000C\000e\000n\000t\000r\000o\000i\000d}{section.2}% 28
\BOOKMARK [2][-]{subsection.2.14}{\376\377\000C\000e\000n\000t\000r\000o\000i\000d\000\040\000D\000e\000c\000o\000m\000p\000o\000s\000i\000t\000i\000o\000n}{section.2}% 29
\BOOKMARK [2][-]{subsection.2.15}{\376\377\000K\000o\000e\000n\000i\000g}{section.2}% 30
\BOOKMARK [2][-]{subsection.2.16}{\376\377\000M\000a\000x\000\040\000B\000i\000p\000a\000r\000t\000i\000t\000e\000\040\000M\000a\000t\000c\000h\000i\000n\000g}{section.2}% 31
\BOOKMARK [1][-]{section.3}{\376\377\000M\000a\000t\000h}{}% 32
\BOOKMARK [2][-]{subsection.3.1}{\376\377\000B\000i\000n\000a\000r\000y\000\040\000E\000x\000p\000o\000n\000e\000n\000t\000i\000a\000t\000i\000o\000n}{section.3}% 33
\BOOKMARK [2][-]{subsection.3.2}{\376\377\000B\000i\000n\000o\000m\000\040\000s\000m\000a\000l\000l\000\040\000n\000u\000m\000b\000e\000r\000s\000\040\000w\000i\000t\000h\000o\000u\000t\000\040\000m\000o\000d}{section.3}% 34
\BOOKMARK [2][-]{subsection.3.3}{\376\377\000F\000a\000c\000t\000o\000r\000i\000a\000l}{section.3}% 35
\BOOKMARK [2][-]{subsection.3.4}{\376\377\000B\000i\000n\000o\000m\000i\000a\000l\000\040\000C\000o\000e\000f\000f\000i\000c\000i\000e\000n\000t}{section.3}% 36
\BOOKMARK [2][-]{subsection.3.5}{\376\377\000F\000i\000b\000o\000n\000a\000c\000c\000i\000\040\000\050\000L\000o\000g\000n\000\051}{section.3}% 37
\BOOKMARK [2][-]{subsection.3.6}{\376\377\000G\000C\000D}{section.3}% 38
\BOOKMARK [2][-]{subsection.3.7}{\376\377\000S\000i\000e\000v\000e\000\040\000O\000\050\000n\000l\000o\000g\000\050\000l\000o\000g\000\050\000n\000\051\000\051\000\051}{section.3}% 39
\BOOKMARK [2][-]{subsection.3.8}{\376\377\000I\000n\000v\000e\000r\000s\000e\000\040\000M\000o\000d\000u\000l\000o}{section.3}% 40
\BOOKMARK [2][-]{subsection.3.9}{\376\377\000D\000i\000v\000i\000s\000o\000r\000s}{section.3}% 41
\BOOKMARK [2][-]{subsection.3.10}{\376\377\000N\000T\000T}{section.3}% 42
\BOOKMARK [2][-]{subsection.3.11}{\376\377\000F\000F\000T}{section.3}% 43
\BOOKMARK [2][-]{subsection.3.12}{\376\377\000M\000a\000t\000r\000i\000x\000\040\000E\000x\000p\000o\000n\000e\000n\000t\000i\000a\000t\000i\000o\000n}{section.3}% 44
\BOOKMARK [2][-]{subsection.3.13}{\376\377\000M\000o\000b\000i\000u\000s}{section.3}% 45
\BOOKMARK [2][-]{subsection.3.14}{\376\377\000P\000h\000i}{section.3}% 46
\BOOKMARK [2][-]{subsection.3.15}{\376\377\000P\000r\000e\000f\000i\000x\000\040\000s\000u\000m\000\040\000P\000h\000i}{section.3}% 47
\BOOKMARK [2][-]{subsection.3.16}{\376\377\000I\000d\000e\000n\000t\000i\000t\000i\000e\000s}{section.3}% 48
\BOOKMARK [2][-]{subsection.3.17}{\376\377\000B\000u\000r\000n\000s\000i\000d\000e\000'\000s\000\040\000L\000e\000m\000m\000a}{section.3}% 49
\BOOKMARK [2][-]{subsection.3.18}{\376\377\000R\000e\000c\000u\000r\000s\000i\000o\000n}{section.3}% 50
\BOOKMARK [2][-]{subsection.3.19}{\376\377\000T\000h\000e\000o\000r\000e\000m\000s}{section.3}% 51
\BOOKMARK [1][-]{section.4}{\376\377\000G\000a\000m\000e\000\040\000T\000h\000e\000o\000r\000y}{}% 52
\BOOKMARK [2][-]{subsection.4.1}{\376\377\000S\000p\000r\000a\000g\000u\000e\000-\000G\000r\000u\000n\000d\000y\000\040\000t\000h\000e\000o\000r\000e\000m}{section.4}% 53
\BOOKMARK [1][-]{section.5}{\376\377\000S\000t\000r\000i\000n\000g\000s}{}% 54
\BOOKMARK [2][-]{subsection.5.1}{\376\377\000M\000a\000n\000a\000c\000h\000e\000r}{section.5}% 55
\BOOKMARK [2][-]{subsection.5.2}{\376\377\000S\000u\000f\000f\000i\000x\000\040\000A\000r\000r\000a\000y\000\040\000O\000\050\000n\000l\000o\000g\000\050\000n\000\051\000\051}{section.5}% 56
\BOOKMARK [2][-]{subsection.5.3}{\376\377\000Z\000\040\000F\000u\000n\000c\000t\000i\000o\000n\000\040\000O\000\050\000n\000\051}{section.5}% 57
\BOOKMARK [2][-]{subsection.5.4}{\376\377\000K\000M\000P}{section.5}% 58
\BOOKMARK [1][-]{section.6}{\376\377\000D\000P\000\040\000O\000p\000t\000i\000m\000i\000z\000a\000t\000i\000o\000n}{}% 59
\BOOKMARK [2][-]{subsection.6.1}{\376\377\000C\000o\000n\000v\000e\000x\000\040\000H\000u\000l\000l\000\040\000T\000r\000i\000c\000k}{section.6}% 60
\BOOKMARK [2][-]{subsection.6.2}{\376\377\000D\000i\000v\000i\000d\000e\000\040\000a\000n\000d\000\040\000C\000o\000n\000q\000u\000e\000r\000\040\000D\000P}{section.6}% 61
\BOOKMARK [1][-]{section.7}{\376\377\000O\000t\000h\000e\000r}{}% 62
\BOOKMARK [2][-]{subsection.7.1}{\376\377\000B\000i\000n\000a\000r\000y\000\040\000S\000e\000a\000r\000c\000h}{section.7}% 63
\BOOKMARK [2][-]{subsection.7.2}{\376\377\000B\000i\000n\000S\000e\000a\000r\000c\000h\000\040\000w\000i\000t\000h\000\040\000d\000o\000u\000b\000l\000e\000s}{section.7}% 64
\BOOKMARK [2][-]{subsection.7.3}{\376\377\000T\000e\000r\000n\000a\000r\000y\000\040\000S\000e\000a\000r\000c\000h}{section.7}% 65
\BOOKMARK [2][-]{subsection.7.4}{\376\377\000L\000I\000S\000\040\000D\000P}{section.7}% 66
\BOOKMARK [2][-]{subsection.7.5}{\376\377\000R\000a\000n\000d\000o\000m\000\040\000n\000u\000m\000b\000e\000r\000s}{section.7}% 67
\BOOKMARK [2][-]{subsection.7.6}{\376\377\000X\000O\000R\000\040\000b\000a\000s\000i\000s}{section.7}% 68
\BOOKMARK [2][-]{subsection.7.7}{\376\377\000B\000i\000t\000s\000e\000t\000s}{section.7}% 69
\BOOKMARK [2][-]{subsection.7.8}{\376\377\000A\000l\000l\000\040\000p\000e\000r\000m\000u\000t\000a\000t\000i\000o\000n\000s}{section.7}% 70
\BOOKMARK [2][-]{subsection.7.9}{\376\377\000P\000r\000i\000n\000t\000\040\000d\000o\000u\000b\000l\000e\000s}{section.7}% 71
\BOOKMARK [1][-]{section.8}{\376\377\000F\000l\000o\000w\000s}{}% 72
\BOOKMARK [2][-]{subsection.8.1}{\376\377\000M\000a\000x\000i\000m\000u\000m\000\040\000F\000l\000o\000w\000\040\000O\000\050\000V\000*\000E\000*\000E\000\051}{section.8}% 73
\BOOKMARK [2][-]{subsection.8.2}{\376\377\000M\000a\000x\000i\000m\000u\000m\000\040\000F\000l\000o\000w\000\040\000O\000\050\000V\000*\000V\000*\000E\000\051}{section.8}% 74
\BOOKMARK [2][-]{subsection.8.3}{\376\377\000M\000a\000x\000i\000m\000u\000m\000\040\000m\000a\000t\000c\000h\000i\000n\000g\000\040\000O\000\050\000E\000V\000\051}{section.8}% 75
\BOOKMARK [2][-]{subsection.8.4}{\376\377\000M\000i\000n\000i\000m\000u\000m\000\040\000C\000o\000s\000t\000\040\000M\000a\000x\000i\000m\000u\000m\000\040\000F\000l\000o\000w}{section.8}% 76
\BOOKMARK [2][-]{subsection.8.5}{\376\377\000D\000i\000n\000i\000c}{section.8}% 77
\BOOKMARK [1][-]{section.9}{\376\377\000G\000e\000o\000m\000e\000t\000r\000y}{}% 78
\BOOKMARK [2][-]{subsection.9.1}{\376\377\000P\000o\000i\000n\000t\000\040\000s\000t\000r\000u\000c\000t}{section.9}% 79
\BOOKMARK [2][-]{subsection.9.2}{\376\377\000S\000o\000r\000t\000\040\000p\000o\000i\000n\000t\000s}{section.9}% 80
\BOOKMARK [2][-]{subsection.9.3}{\376\377\000S\000h\000o\000e\000l\000a\000c\000e}{section.9}% 81
\BOOKMARK [2][-]{subsection.9.4}{\376\377\000R\000a\000y\000\040\000c\000a\000s\000t\000i\000n\000g}{section.9}% 82
\BOOKMARK [2][-]{subsection.9.5}{\376\377\000P\000i\000c\000k\000'\000s\000\040\000T\000h\000e\000o\000r\000e\000m}{section.9}% 83
\BOOKMARK [1][-]{section.10}{\376\377\000C\000o\000m\000p\000i\000l\000e}{}% 84
\BOOKMARK [2][-]{subsection.10.1}{\376\377\000T\000e\000m\000p\000l\000a\000t\000e}{section.10}% 85
\BOOKMARK [2][-]{subsection.10.2}{\376\377\000C\000o\000m\000p\000i\000l\000e}{section.10}% 86
